{"/home/reribeiro/io.restorecommerce/resource-srv/service.js":{"path":"/home/reribeiro/io.restorecommerce/resource-srv/service.js","s":{"1":1,"2":2,"3":1,"4":12,"5":12,"6":0,"7":1,"8":0,"9":0,"10":0,"11":1,"12":14,"13":12,"14":2,"15":1,"16":1,"17":1,"18":1,"19":1,"20":1,"21":1,"22":1,"23":1,"24":1,"25":1,"26":1,"27":1,"28":1,"29":1,"30":1,"31":1,"32":1,"33":1,"34":1,"35":0,"36":1,"37":1,"38":1,"39":0,"40":1,"41":1,"42":1,"43":1,"44":1,"45":1,"46":1,"47":1,"48":1,"49":1,"50":1,"51":1,"52":1,"53":1,"54":1,"55":0,"56":1,"57":0,"58":0,"59":0,"60":0,"61":1,"62":4,"63":4,"64":1,"65":1,"66":1,"67":1,"68":1,"69":1,"70":1,"71":1,"72":1,"73":1,"74":1,"75":0,"76":1,"77":1,"78":1,"79":1,"80":1,"81":1,"82":1,"83":1,"84":1,"85":0,"86":0,"87":0,"88":0,"89":1,"90":1,"91":1,"92":1,"93":1,"94":1,"95":1,"96":1,"97":1,"98":1,"99":1,"100":0,"101":0,"102":0,"103":0,"104":0,"105":0,"106":0,"107":0,"108":0,"109":0,"110":0,"111":0,"112":0,"113":0,"114":0,"115":0,"116":0,"117":0,"118":0,"119":1,"120":1,"121":2,"122":2,"123":2,"124":1,"125":1,"126":3,"127":1,"128":1,"129":1,"130":1,"131":1,"132":1,"133":1,"134":1,"135":1,"136":1,"137":1,"138":1,"139":1,"140":1,"141":1,"142":1,"143":1,"144":1,"145":1,"146":0,"147":0,"148":0,"149":0,"150":0,"151":0,"152":0,"153":0},"b":{"1":[1,1,1],"2":[2,2],"3":[2,12],"4":[2,2],"5":[0,1],"6":[0,1],"7":[0,1],"8":[0,1],"9":[1,0],"10":[1,0],"11":[0,1],"12":[0,0],"13":[0,0],"14":[0,0],"15":[0,0],"16":[0,0],"17":[0,0],"18":[0,0],"19":[0,0],"20":[0,0],"21":[1,1],"22":[1,0],"23":[1,0],"24":[0,1]},"f":{"1":2,"2":2,"3":12,"4":0,"5":14,"6":12,"7":1,"8":1,"9":0,"10":0,"11":1,"12":1},"fnMap":{"1":{"name":"(anonymous_1)","line":2,"loc":{"start":{"line":2,"column":44},"end":{"line":2,"column":89}}},"2":{"name":"(anonymous_2)","line":3,"loc":{"start":{"line":3,"column":36},"end":{"line":3,"column":63}}},"3":{"name":"fulfilled","line":4,"loc":{"start":{"line":4,"column":8},"end":{"line":4,"column":34}}},"4":{"name":"rejected","line":5,"loc":{"start":{"line":5,"column":8},"end":{"line":5,"column":33}}},"5":{"name":"step","line":6,"loc":{"start":{"line":6,"column":8},"end":{"line":6,"column":30}}},"6":{"name":"(anonymous_6)","line":6,"loc":{"start":{"line":6,"column":76},"end":{"line":6,"column":95}}},"7":{"name":"(anonymous_7)","line":30,"loc":{"start":{"line":30,"column":9},"end":{"line":30,"column":15}}},"8":{"name":"(anonymous_8)","line":31,"loc":{"start":{"line":31,"column":47},"end":{"line":31,"column":60}}},"9":{"name":"eventListener","line":134,"loc":{"start":{"line":134,"column":48},"end":{"line":134,"column":104}}},"10":{"name":"(anonymous_10)","line":135,"loc":{"start":{"line":135,"column":55},"end":{"line":135,"column":68}}},"11":{"name":"(anonymous_11)","line":191,"loc":{"start":{"line":191,"column":8},"end":{"line":191,"column":11}}},"12":{"name":"(anonymous_12)","line":192,"loc":{"start":{"line":192,"column":47},"end":{"line":192,"column":60}}}},"statementMap":{"1":{"start":{"line":2,"column":0},"end":{"line":9,"column":2}},"2":{"start":{"line":3,"column":4},"end":{"line":8,"column":7}},"3":{"start":{"line":4,"column":8},"end":{"line":4,"column":99}},"4":{"start":{"line":4,"column":36},"end":{"line":4,"column":97}},"5":{"start":{"line":4,"column":42},"end":{"line":4,"column":70}},"6":{"start":{"line":4,"column":85},"end":{"line":4,"column":95}},"7":{"start":{"line":5,"column":8},"end":{"line":5,"column":102}},"8":{"start":{"line":5,"column":35},"end":{"line":5,"column":100}},"9":{"start":{"line":5,"column":41},"end":{"line":5,"column":73}},"10":{"start":{"line":5,"column":88},"end":{"line":5,"column":98}},"11":{"start":{"line":6,"column":8},"end":{"line":6,"column":151}},"12":{"start":{"line":6,"column":32},"end":{"line":6,"column":149}},"13":{"start":{"line":6,"column":97},"end":{"line":6,"column":119}},"14":{"start":{"line":7,"column":8},"end":{"line":7,"column":78}},"15":{"start":{"line":10,"column":0},"end":{"line":10,"column":62}},"16":{"start":{"line":11,"column":0},"end":{"line":11,"column":25}},"17":{"start":{"line":12,"column":0},"end":{"line":12,"column":86}},"18":{"start":{"line":13,"column":0},"end":{"line":13,"column":31}},"19":{"start":{"line":14,"column":0},"end":{"line":14,"column":56}},"20":{"start":{"line":15,"column":0},"end":{"line":15,"column":61}},"21":{"start":{"line":16,"column":0},"end":{"line":16,"column":50}},"22":{"start":{"line":17,"column":0},"end":{"line":17,"column":28}},"23":{"start":{"line":18,"column":0},"end":{"line":18,"column":59}},"24":{"start":{"line":20,"column":0},"end":{"line":20,"column":30}},"25":{"start":{"line":21,"column":0},"end":{"line":21,"column":26}},"26":{"start":{"line":22,"column":0},"end":{"line":22,"column":30}},"27":{"start":{"line":23,"column":0},"end":{"line":23,"column":34}},"28":{"start":{"line":24,"column":0},"end":{"line":24,"column":43}},"29":{"start":{"line":25,"column":0},"end":{"line":25,"column":51}},"30":{"start":{"line":26,"column":0},"end":{"line":26,"column":52}},"31":{"start":{"line":27,"column":0},"end":{"line":27,"column":41}},"32":{"start":{"line":28,"column":0},"end":{"line":28,"column":41}},"33":{"start":{"line":31,"column":8},"end":{"line":189,"column":11}},"34":{"start":{"line":33,"column":12},"end":{"line":35,"column":13}},"35":{"start":{"line":34,"column":16},"end":{"line":34,"column":45}},"36":{"start":{"line":36,"column":12},"end":{"line":36,"column":75}},"37":{"start":{"line":37,"column":12},"end":{"line":37,"column":51}},"38":{"start":{"line":38,"column":12},"end":{"line":40,"column":13}},"39":{"start":{"line":39,"column":16},"end":{"line":39,"column":73}},"40":{"start":{"line":42,"column":12},"end":{"line":42,"column":53}},"41":{"start":{"line":43,"column":12},"end":{"line":43,"column":62}},"42":{"start":{"line":44,"column":12},"end":{"line":44,"column":81}},"43":{"start":{"line":45,"column":12},"end":{"line":45,"column":85}},"44":{"start":{"line":46,"column":12},"end":{"line":46,"column":89}},"45":{"start":{"line":47,"column":12},"end":{"line":47,"column":55}},"46":{"start":{"line":48,"column":12},"end":{"line":48,"column":74}},"47":{"start":{"line":49,"column":12},"end":{"line":78,"column":13}},"48":{"start":{"line":50,"column":16},"end":{"line":50,"column":110}},"49":{"start":{"line":51,"column":16},"end":{"line":51,"column":81}},"50":{"start":{"line":52,"column":16},"end":{"line":52,"column":46}},"51":{"start":{"line":53,"column":16},"end":{"line":53,"column":91}},"52":{"start":{"line":54,"column":16},"end":{"line":54,"column":104}},"53":{"start":{"line":55,"column":16},"end":{"line":55,"column":99}},"54":{"start":{"line":56,"column":16},"end":{"line":58,"column":17}},"55":{"start":{"line":57,"column":20},"end":{"line":57,"column":82}},"56":{"start":{"line":59,"column":16},"end":{"line":65,"column":17}},"57":{"start":{"line":60,"column":20},"end":{"line":60,"column":60}},"58":{"start":{"line":61,"column":20},"end":{"line":61,"column":40}},"59":{"start":{"line":62,"column":20},"end":{"line":64,"column":21}},"60":{"start":{"line":63,"column":24},"end":{"line":63,"column":88}},"61":{"start":{"line":66,"column":16},"end":{"line":77,"column":17}},"62":{"start":{"line":67,"column":20},"end":{"line":73,"column":22}},"63":{"start":{"line":74,"column":20},"end":{"line":76,"column":22}},"64":{"start":{"line":79,"column":12},"end":{"line":79,"column":46}},"65":{"start":{"line":81,"column":12},"end":{"line":81,"column":71}},"66":{"start":{"line":82,"column":12},"end":{"line":82,"column":52}},"67":{"start":{"line":83,"column":12},"end":{"line":83,"column":55}},"68":{"start":{"line":84,"column":12},"end":{"line":84,"column":57}},"69":{"start":{"line":85,"column":12},"end":{"line":85,"column":65}},"70":{"start":{"line":86,"column":12},"end":{"line":86,"column":82}},"71":{"start":{"line":87,"column":12},"end":{"line":87,"column":83}},"72":{"start":{"line":89,"column":12},"end":{"line":89,"column":65}},"73":{"start":{"line":90,"column":12},"end":{"line":95,"column":13}},"74":{"start":{"line":91,"column":16},"end":{"line":91,"column":39}},"75":{"start":{"line":94,"column":16},"end":{"line":94,"column":40}},"76":{"start":{"line":96,"column":12},"end":{"line":96,"column":33}},"77":{"start":{"line":97,"column":12},"end":{"line":97,"column":28}},"78":{"start":{"line":98,"column":12},"end":{"line":100,"column":13}},"79":{"start":{"line":99,"column":16},"end":{"line":99,"column":51}},"80":{"start":{"line":101,"column":12},"end":{"line":101,"column":68}},"81":{"start":{"line":102,"column":12},"end":{"line":125,"column":13}},"82":{"start":{"line":103,"column":16},"end":{"line":103,"column":50}},"83":{"start":{"line":104,"column":16},"end":{"line":104,"column":43}},"84":{"start":{"line":105,"column":16},"end":{"line":110,"column":17}},"85":{"start":{"line":106,"column":20},"end":{"line":106,"column":48}},"86":{"start":{"line":107,"column":20},"end":{"line":107,"column":94}},"87":{"start":{"line":108,"column":20},"end":{"line":108,"column":75}},"88":{"start":{"line":109,"column":20},"end":{"line":109,"column":72}},"89":{"start":{"line":111,"column":16},"end":{"line":111,"column":75}},"90":{"start":{"line":112,"column":16},"end":{"line":112,"column":131}},"91":{"start":{"line":113,"column":16},"end":{"line":113,"column":110}},"92":{"start":{"line":115,"column":16},"end":{"line":115,"column":142}},"93":{"start":{"line":116,"column":16},"end":{"line":116,"column":101}},"94":{"start":{"line":127,"column":12},"end":{"line":127,"column":88}},"95":{"start":{"line":130,"column":12},"end":{"line":130,"column":62}},"96":{"start":{"line":131,"column":12},"end":{"line":131,"column":48}},"97":{"start":{"line":132,"column":12},"end":{"line":132,"column":43}},"98":{"start":{"line":133,"column":12},"end":{"line":133,"column":28}},"99":{"start":{"line":134,"column":12},"end":{"line":163,"column":14}},"100":{"start":{"line":135,"column":16},"end":{"line":162,"column":19}},"101":{"start":{"line":136,"column":20},"end":{"line":136,"column":46}},"102":{"start":{"line":137,"column":20},"end":{"line":137,"column":71}},"103":{"start":{"line":138,"column":20},"end":{"line":161,"column":21}},"104":{"start":{"line":139,"column":24},"end":{"line":146,"column":25}},"105":{"start":{"line":140,"column":28},"end":{"line":144,"column":29}},"106":{"start":{"line":141,"column":32},"end":{"line":143,"column":33}},"107":{"start":{"line":142,"column":36},"end":{"line":142,"column":43}},"108":{"start":{"line":145,"column":28},"end":{"line":145,"column":61}},"109":{"start":{"line":148,"column":25},"end":{"line":161,"column":21}},"110":{"start":{"line":149,"column":24},"end":{"line":153,"column":25}},"111":{"start":{"line":150,"column":28},"end":{"line":150,"column":81}},"112":{"start":{"line":151,"column":28},"end":{"line":151,"column":80}},"113":{"start":{"line":152,"column":28},"end":{"line":152,"column":94}},"114":{"start":{"line":155,"column":25},"end":{"line":161,"column":21}},"115":{"start":{"line":156,"column":24},"end":{"line":156,"column":75}},"116":{"start":{"line":157,"column":24},"end":{"line":160,"column":25}},"117":{"start":{"line":158,"column":28},"end":{"line":158,"column":74}},"118":{"start":{"line":159,"column":28},"end":{"line":159,"column":81}},"119":{"start":{"line":164,"column":12},"end":{"line":164,"column":55}},"120":{"start":{"line":165,"column":12},"end":{"line":174,"column":13}},"121":{"start":{"line":166,"column":16},"end":{"line":166,"column":67}},"122":{"start":{"line":167,"column":16},"end":{"line":167,"column":54}},"123":{"start":{"line":168,"column":16},"end":{"line":173,"column":17}},"124":{"start":{"line":169,"column":20},"end":{"line":169,"column":73}},"125":{"start":{"line":170,"column":20},"end":{"line":172,"column":21}},"126":{"start":{"line":171,"column":24},"end":{"line":171,"column":81}},"127":{"start":{"line":176,"column":12},"end":{"line":176,"column":105}},"128":{"start":{"line":177,"column":12},"end":{"line":177,"column":62}},"129":{"start":{"line":178,"column":12},"end":{"line":178,"column":99}},"130":{"start":{"line":179,"column":12},"end":{"line":179,"column":67}},"131":{"start":{"line":181,"column":12},"end":{"line":181,"column":37}},"132":{"start":{"line":182,"column":12},"end":{"line":182,"column":52}},"133":{"start":{"line":183,"column":12},"end":{"line":183,"column":33}},"134":{"start":{"line":184,"column":12},"end":{"line":184,"column":33}},"135":{"start":{"line":185,"column":12},"end":{"line":185,"column":33}},"136":{"start":{"line":186,"column":12},"end":{"line":188,"column":13}},"137":{"start":{"line":187,"column":16},"end":{"line":187,"column":47}},"138":{"start":{"line":192,"column":8},"end":{"line":199,"column":11}},"139":{"start":{"line":193,"column":12},"end":{"line":193,"column":46}},"140":{"start":{"line":194,"column":12},"end":{"line":194,"column":40}},"141":{"start":{"line":195,"column":12},"end":{"line":195,"column":37}},"142":{"start":{"line":196,"column":12},"end":{"line":198,"column":13}},"143":{"start":{"line":197,"column":16},"end":{"line":197,"column":46}},"144":{"start":{"line":202,"column":0},"end":{"line":202,"column":24}},"145":{"start":{"line":203,"column":0},"end":{"line":215,"column":1}},"146":{"start":{"line":204,"column":4},"end":{"line":204,"column":32}},"147":{"start":{"line":205,"column":4},"end":{"line":208,"column":7}},"148":{"start":{"line":206,"column":8},"end":{"line":206,"column":44}},"149":{"start":{"line":207,"column":8},"end":{"line":207,"column":24}},"150":{"start":{"line":209,"column":4},"end":{"line":214,"column":7}},"151":{"start":{"line":210,"column":8},"end":{"line":213,"column":11}},"152":{"start":{"line":211,"column":12},"end":{"line":211,"column":49}},"153":{"start":{"line":212,"column":12},"end":{"line":212,"column":28}}},"branchMap":{"1":{"line":2,"type":"binary-expr","locations":[{"start":{"line":2,"column":17},"end":{"line":2,"column":21}},{"start":{"line":2,"column":25},"end":{"line":2,"column":39}},{"start":{"line":2,"column":44},"end":{"line":9,"column":1}}]},"2":{"line":3,"type":"binary-expr","locations":[{"start":{"line":3,"column":16},"end":{"line":3,"column":17}},{"start":{"line":3,"column":22},"end":{"line":3,"column":33}}]},"3":{"line":6,"type":"cond-expr","locations":[{"start":{"line":6,"column":46},"end":{"line":6,"column":67}},{"start":{"line":6,"column":70},"end":{"line":6,"column":148}}]},"4":{"line":7,"type":"binary-expr","locations":[{"start":{"line":7,"column":51},"end":{"line":7,"column":61}},{"start":{"line":7,"column":65},"end":{"line":7,"column":67}}]},"5":{"line":33,"type":"if","locations":[{"start":{"line":33,"column":12},"end":{"line":33,"column":12}},{"start":{"line":33,"column":12},"end":{"line":33,"column":12}}]},"6":{"line":38,"type":"if","locations":[{"start":{"line":38,"column":12},"end":{"line":38,"column":12}},{"start":{"line":38,"column":12},"end":{"line":38,"column":12}}]},"7":{"line":56,"type":"if","locations":[{"start":{"line":56,"column":16},"end":{"line":56,"column":16}},{"start":{"line":56,"column":16},"end":{"line":56,"column":16}}]},"8":{"line":59,"type":"if","locations":[{"start":{"line":59,"column":16},"end":{"line":59,"column":16}},{"start":{"line":59,"column":16},"end":{"line":59,"column":16}}]},"9":{"line":90,"type":"if","locations":[{"start":{"line":90,"column":12},"end":{"line":90,"column":12}},{"start":{"line":90,"column":12},"end":{"line":90,"column":12}}]},"10":{"line":98,"type":"if","locations":[{"start":{"line":98,"column":12},"end":{"line":98,"column":12}},{"start":{"line":98,"column":12},"end":{"line":98,"column":12}}]},"11":{"line":105,"type":"if","locations":[{"start":{"line":105,"column":16},"end":{"line":105,"column":16}},{"start":{"line":105,"column":16},"end":{"line":105,"column":16}}]},"12":{"line":138,"type":"if","locations":[{"start":{"line":138,"column":20},"end":{"line":138,"column":20}},{"start":{"line":138,"column":20},"end":{"line":138,"column":20}}]},"13":{"line":139,"type":"if","locations":[{"start":{"line":139,"column":24},"end":{"line":139,"column":24}},{"start":{"line":139,"column":24},"end":{"line":139,"column":24}}]},"14":{"line":139,"type":"binary-expr","locations":[{"start":{"line":139,"column":28},"end":{"line":139,"column":41}},{"start":{"line":139,"column":45},"end":{"line":139,"column":65}}]},"15":{"line":141,"type":"if","locations":[{"start":{"line":141,"column":32},"end":{"line":141,"column":32}},{"start":{"line":141,"column":32},"end":{"line":141,"column":32}}]},"16":{"line":148,"type":"if","locations":[{"start":{"line":148,"column":25},"end":{"line":148,"column":25}},{"start":{"line":148,"column":25},"end":{"line":148,"column":25}}]},"17":{"line":149,"type":"if","locations":[{"start":{"line":149,"column":24},"end":{"line":149,"column":24}},{"start":{"line":149,"column":24},"end":{"line":149,"column":24}}]},"18":{"line":149,"type":"binary-expr","locations":[{"start":{"line":149,"column":28},"end":{"line":149,"column":41}},{"start":{"line":149,"column":46},"end":{"line":149,"column":108}}]},"19":{"line":155,"type":"if","locations":[{"start":{"line":155,"column":25},"end":{"line":155,"column":25}},{"start":{"line":155,"column":25},"end":{"line":155,"column":25}}]},"20":{"line":157,"type":"if","locations":[{"start":{"line":157,"column":24},"end":{"line":157,"column":24}},{"start":{"line":157,"column":24},"end":{"line":157,"column":24}}]},"21":{"line":168,"type":"if","locations":[{"start":{"line":168,"column":16},"end":{"line":168,"column":16}},{"start":{"line":168,"column":16},"end":{"line":168,"column":16}}]},"22":{"line":186,"type":"if","locations":[{"start":{"line":186,"column":12},"end":{"line":186,"column":12}},{"start":{"line":186,"column":12},"end":{"line":186,"column":12}}]},"23":{"line":196,"type":"if","locations":[{"start":{"line":196,"column":12},"end":{"line":196,"column":12}},{"start":{"line":196,"column":12},"end":{"line":196,"column":12}}]},"24":{"line":203,"type":"if","locations":[{"start":{"line":203,"column":0},"end":{"line":203,"column":0}},{"start":{"line":203,"column":0},"end":{"line":203,"column":0}}]}}}}