TN:
SF:/home/reribeiro/io.restorecommerce/resource-srv/service.js
FN:2,(anonymous_1)
FN:3,(anonymous_2)
FN:4,fulfilled
FN:5,rejected
FN:6,step
FN:6,(anonymous_6)
FN:30,(anonymous_7)
FN:31,(anonymous_8)
FN:134,eventListener
FN:135,(anonymous_10)
FN:191,(anonymous_11)
FN:192,(anonymous_12)
FNF:12
FNH:9
FNDA:2,(anonymous_1)
FNDA:2,(anonymous_2)
FNDA:12,fulfilled
FNDA:0,rejected
FNDA:14,step
FNDA:12,(anonymous_6)
FNDA:1,(anonymous_7)
FNDA:1,(anonymous_8)
FNDA:0,eventListener
FNDA:0,(anonymous_10)
FNDA:1,(anonymous_11)
FNDA:1,(anonymous_12)
DA:2,1
DA:3,2
DA:4,12
DA:5,1
DA:6,14
DA:7,2
DA:10,1
DA:11,1
DA:12,1
DA:13,1
DA:14,1
DA:15,1
DA:16,1
DA:17,1
DA:18,1
DA:20,1
DA:21,1
DA:22,1
DA:23,1
DA:24,1
DA:25,1
DA:26,1
DA:27,1
DA:28,1
DA:31,1
DA:33,1
DA:34,0
DA:36,1
DA:37,1
DA:38,1
DA:39,0
DA:42,1
DA:43,1
DA:44,1
DA:45,1
DA:46,1
DA:47,1
DA:48,1
DA:49,1
DA:50,1
DA:51,1
DA:52,1
DA:53,1
DA:54,1
DA:55,1
DA:56,1
DA:57,0
DA:59,1
DA:60,0
DA:61,0
DA:62,0
DA:63,0
DA:66,1
DA:67,4
DA:74,4
DA:79,1
DA:81,1
DA:82,1
DA:83,1
DA:84,1
DA:85,1
DA:86,1
DA:87,1
DA:89,1
DA:90,1
DA:91,1
DA:94,0
DA:96,1
DA:97,1
DA:98,1
DA:99,1
DA:101,1
DA:102,1
DA:103,1
DA:104,1
DA:105,1
DA:106,0
DA:107,0
DA:108,0
DA:109,0
DA:111,1
DA:112,1
DA:113,1
DA:115,1
DA:116,1
DA:127,1
DA:130,1
DA:131,1
DA:132,1
DA:133,1
DA:134,1
DA:135,0
DA:136,0
DA:137,0
DA:138,0
DA:139,0
DA:140,0
DA:141,0
DA:142,0
DA:145,0
DA:148,0
DA:149,0
DA:150,0
DA:151,0
DA:152,0
DA:155,0
DA:156,0
DA:157,0
DA:158,0
DA:159,0
DA:164,1
DA:165,1
DA:166,2
DA:167,2
DA:168,2
DA:169,1
DA:170,1
DA:171,3
DA:176,1
DA:177,1
DA:178,1
DA:179,1
DA:181,1
DA:182,1
DA:183,1
DA:184,1
DA:185,1
DA:186,1
DA:187,1
DA:192,1
DA:193,1
DA:194,1
DA:195,1
DA:196,1
DA:197,1
DA:202,1
DA:203,1
DA:204,0
DA:205,0
DA:206,0
DA:207,0
DA:209,0
DA:210,0
DA:211,0
DA:212,0
LF:145
LH:106
BRDA:2,1,0,1
BRDA:2,1,1,1
BRDA:2,1,2,1
BRDA:3,2,0,2
BRDA:3,2,1,2
BRDA:6,3,0,2
BRDA:6,3,1,12
BRDA:7,4,0,2
BRDA:7,4,1,2
BRDA:33,5,0,0
BRDA:33,5,1,1
BRDA:38,6,0,0
BRDA:38,6,1,1
BRDA:56,7,0,0
BRDA:56,7,1,1
BRDA:59,8,0,0
BRDA:59,8,1,1
BRDA:90,9,0,1
BRDA:90,9,1,0
BRDA:98,10,0,1
BRDA:98,10,1,0
BRDA:105,11,0,0
BRDA:105,11,1,1
BRDA:138,12,0,0
BRDA:138,12,1,0
BRDA:139,13,0,0
BRDA:139,13,1,0
BRDA:139,14,0,0
BRDA:139,14,1,0
BRDA:141,15,0,0
BRDA:141,15,1,0
BRDA:148,16,0,0
BRDA:148,16,1,0
BRDA:149,17,0,0
BRDA:149,17,1,0
BRDA:149,18,0,0
BRDA:149,18,1,0
BRDA:155,19,0,0
BRDA:155,19,1,0
BRDA:157,20,0,0
BRDA:157,20,1,0
BRDA:168,21,0,1
BRDA:168,21,1,1
BRDA:186,22,0,1
BRDA:186,22,1,0
BRDA:196,23,0,1
BRDA:196,23,1,0
BRDA:203,24,0,0
BRDA:203,24,1,1
BRF:49
BRH:21
end_of_record
